Build started 27-Jun-17 10:02:35 PM.
     1>Project "C:\Users\sarke\documents\visual studio 2013\Projects\my1stgame\Bengine\Bengine.vcxproj" on node 2 (Rebuild target(s)).
     1>ClCompile:
         C:\Program Files (x86)\Microsoft Visual Studio 12.0\VC\bin\CL.exe /c /Zi /nologo /W3 /WX- /sdl /O2 /Oi /Oy- /GL /D WIN32 /D NDEBUG /D _LIB /D _UNICODE /D UNICODE /Gm- /EHsc /MD /GS /Gy /fp:precise /Zc:wchar_t /Zc:forScope /Fo"Release\\" /Fd"Release\vc120.pdb" /Gd /TP /analyze- /errorReport:prompt AudioEngine.cpp Bengine.cpp Camera2d.cpp ErrorMess.cpp GLSLProgram.cpp ImageLoader.cpp InputManager.cpp IOManager.cpp PicoPNG.cpp ResourceManage.cpp Sprite.cpp SpriteBatch.cpp TextureCache.cpp Timing.cpp Window.cpp
         AudioEngine.cpp
         Bengine.cpp
         Camera2d.cpp
         ErrorMess.cpp
         GLSLProgram.cpp
         ImageLoader.cpp
         InputManager.cpp
         IOManager.cpp
     1>IOManager.cpp(19): warning C4244: 'initializing' : conversion from 'std::streamoff' to 'int', possible loss of data
     1>IOManager.cpp(24): warning C4244: '-=' : conversion from 'std::streamoff' to 'int', possible loss of data
         PicoPNG.cpp
         ResourceManage.cpp
         Sprite.cpp
         SpriteBatch.cpp
     1>SpriteBatch.cpp(29): warning C4018: '<' : signed/unsigned mismatch
     1>SpriteBatch.cpp(105): warning C4018: '<' : signed/unsigned mismatch
         TextureCache.cpp
         Timing.cpp
     1>Timing.cpp(30): warning C4244: 'initializing' : conversion from 'Uint32' to 'float', possible loss of data
     1>Timing.cpp(46): warning C4244: 'initializing' : conversion from 'Uint32' to 'float', possible loss of data
     1>Timing.cpp(49): warning C4244: '=' : conversion from 'Uint32' to 'float', possible loss of data
         Window.cpp
       Lib:
         C:\Program Files (x86)\Microsoft Visual Studio 12.0\VC\bin\Lib.exe /OUT:"C:\Users\sarke\documents\visual studio 2013\Projects\my1stgame\Release\Bengine.lib" SDL2.lib SDL2main.lib opengl32.lib glew32.lib /NOLOGO /LTCG Release\AudioEngine.obj
         Release\Bengine.obj
         Release\Camera2d.obj
         Release\ErrorMess.obj
         Release\GLSLProgram.obj
         Release\ImageLoader.obj
         Release\InputManager.obj
         Release\IOManager.obj
         Release\PicoPNG.obj
         Release\ResourceManage.obj
         Release\Sprite.obj
         Release\SpriteBatch.obj
         Release\TextureCache.obj
         Release\Timing.obj
         Release\Window.obj
     1>opengl32.lib(OPENGL32.dll) : warning LNK4006: __NULL_IMPORT_DESCRIPTOR already defined in SDL2.lib(SDL2.dll); second definition ignored
     1>glew32.lib(glew32.dll) : warning LNK4006: __NULL_IMPORT_DESCRIPTOR already defined in SDL2.lib(SDL2.dll); second definition ignored
         Bengine.vcxproj -> C:\Users\sarke\documents\visual studio 2013\Projects\my1stgame\Release\Bengine.lib
     1>Done Building Project "C:\Users\sarke\documents\visual studio 2013\Projects\my1stgame\Bengine\Bengine.vcxproj" (Rebuild target(s)).

Build succeeded.

Time Elapsed 00:00:17.77
