c:\users\sarke\documents\visual studio 2013\projects\my1stgame\bengine\release\vc120.pdb
c:\users\sarke\documents\visual studio 2013\projects\my1stgame\bengine\release\window.obj
c:\users\sarke\documents\visual studio 2013\projects\my1stgame\bengine\release\timing.obj
c:\users\sarke\documents\visual studio 2013\projects\my1stgame\bengine\release\texturecache.obj
c:\users\sarke\documents\visual studio 2013\projects\my1stgame\bengine\release\spritebatch.obj
c:\users\sarke\documents\visual studio 2013\projects\my1stgame\bengine\release\sprite.obj
c:\users\sarke\documents\visual studio 2013\projects\my1stgame\bengine\release\resourcemanage.obj
c:\users\sarke\documents\visual studio 2013\projects\my1stgame\bengine\release\picopng.obj
c:\users\sarke\documents\visual studio 2013\projects\my1stgame\bengine\release\iomanager.obj
c:\users\sarke\documents\visual studio 2013\projects\my1stgame\bengine\release\inputmanager.obj
c:\users\sarke\documents\visual studio 2013\projects\my1stgame\bengine\release\imageloader.obj
c:\users\sarke\documents\visual studio 2013\projects\my1stgame\bengine\release\glslprogram.obj
c:\users\sarke\documents\visual studio 2013\projects\my1stgame\bengine\release\errormess.obj
c:\users\sarke\documents\visual studio 2013\projects\my1stgame\bengine\release\camera2d.obj
c:\users\sarke\documents\visual studio 2013\projects\my1stgame\bengine\release\bengine.obj
c:\users\sarke\documents\visual studio 2013\projects\my1stgame\bengine\release\audioengine.obj
c:\users\sarke\documents\visual studio 2013\projects\my1stgame\release\bengine.lib
c:\users\sarke\documents\visual studio 2013\projects\my1stgame\bengine\release\bengine.tlog\cl.command.1.tlog
c:\users\sarke\documents\visual studio 2013\projects\my1stgame\bengine\release\bengine.tlog\cl.read.1.tlog
c:\users\sarke\documents\visual studio 2013\projects\my1stgame\bengine\release\bengine.tlog\cl.write.1.tlog
c:\users\sarke\documents\visual studio 2013\projects\my1stgame\bengine\release\bengine.tlog\lib-link.read.1.tlog
c:\users\sarke\documents\visual studio 2013\projects\my1stgame\bengine\release\bengine.tlog\lib-link.write.1.tlog
c:\users\sarke\documents\visual studio 2013\projects\my1stgame\bengine\release\bengine.tlog\lib.command.1.tlog
